📉 Dashboard already running at http://localhost:7860 — skipping.
🚀 Pretraining SimCLR with resnet18 for 800 epochs
📁 Checkpoints → /mnt/c/Users/User/PycharmProjects/representation-learning-label-efficienc/checkpoints/simclr_pretrain_resnet18_pt
[Epoch 1/800] Loss: 1.3561  LR: 0.003000
[Epoch 2/800] Loss: 1.2695  LR: 0.032700
[Epoch 3/800] Loss: 1.0469  LR: 0.062400
[Epoch 4/800] Loss: 0.9667  LR: 0.092100
[Epoch 5/800] Loss: 0.9010  LR: 0.121800
[Epoch 6/800] Loss: 0.8654  LR: 0.151500
[Epoch 7/800] Loss: 0.8349  LR: 0.181200
[Epoch 8/800] Loss: 0.8000  LR: 0.210900
[Epoch 9/800] Loss: 0.8112  LR: 0.240600
[Epoch 10/800] Loss: 0.7959  LR: 0.270300
Saved checkpoint: /mnt/c/Users/User/PycharmProjects/representation-learning-label-efficienc/checkpoints/simclr_pretrain_resnet18_pt/simclr_epoch_10.pth
[Epoch 11/800] Loss: 0.7925  LR: 0.300000
[Epoch 12/800] Loss: 0.7400  LR: 0.299999
[Epoch 13/800] Loss: 0.7197  LR: 0.299995
[Epoch 14/800] Loss: 0.6988  LR: 0.299989
[Epoch 15/800] Loss: 0.6719  LR: 0.299981
[Epoch 16/800] Loss: 0.6675  LR: 0.299970
[Epoch 17/800] Loss: 0.6550  LR: 0.299957
[Epoch 18/800] Loss: 0.6528  LR: 0.299942
[Epoch 19/800] Loss: 0.6371  LR: 0.299924
[Epoch 20/800] Loss: 0.6307  LR: 0.299904
Saved checkpoint: /mnt/c/Users/User/PycharmProjects/representation-learning-label-efficienc/checkpoints/simclr_pretrain_resnet18_pt/simclr_epoch_20.pth
[Epoch 21/800] Loss: 0.6405  LR: 0.299881
[Epoch 22/800] Loss: 0.6254  LR: 0.299857
[Epoch 23/800] Loss: 0.6223  LR: 0.299829
[Epoch 24/800] Loss: 0.6241  LR: 0.299800
[Epoch 25/800] Loss: 0.6213  LR: 0.299768
[Epoch 26/800] Loss: 0.6169  LR: 0.299733
[Epoch 27/800] Loss: 0.6071  LR: 0.299696
[Epoch 28/800] Loss: 0.6076  LR: 0.299657
[Epoch 29/800] Loss: 0.6101  LR: 0.299616
[Epoch 30/800] Loss: 0.6119  LR: 0.299572
Saved checkpoint: /mnt/c/Users/User/PycharmProjects/representation-learning-label-efficienc/checkpoints/simclr_pretrain_resnet18_pt/simclr_epoch_30.pth
[Epoch 31/800] Loss: 0.6014  LR: 0.299526
[Epoch 32/800] Loss: 0.5979  LR: 0.299477
[Epoch 33/800] Loss: 0.5878  LR: 0.299426
[Epoch 34/800] Loss: 0.5951  LR: 0.299373
[Epoch 35/800] Loss: 0.6036  LR: 0.299317
[Epoch 36/800] Loss: 0.5892  LR: 0.299259
[Epoch 37/800] Loss: 0.5825  LR: 0.299199
[Epoch 38/800] Loss: 0.5867  LR: 0.299136
[Epoch 39/800] Loss: 0.5897  LR: 0.299071
[Epoch 40/800] Loss: 0.5772  LR: 0.299004
Saved checkpoint: /mnt/c/Users/User/PycharmProjects/representation-learning-label-efficienc/checkpoints/simclr_pretrain_resnet18_pt/simclr_epoch_40.pth
[Epoch 41/800] Loss: 0.5866  LR: 0.298934
[Epoch 42/800] Loss: 0.5803  LR: 0.298862
[Epoch 43/800] Loss: 0.5722  LR: 0.298787
[Epoch 44/800] Loss: 0.5814  LR: 0.298710
[Epoch 45/800] Loss: 0.5824  LR: 0.298631
[Epoch 46/800] Loss: 0.5704  LR: 0.298549
[Epoch 47/800] Loss: 0.5780  LR: 0.298465
[Epoch 48/800] Loss: 0.5697  LR: 0.298379
[Epoch 49/800] Loss: 0.5667  LR: 0.298291
[Epoch 50/800] Loss: 0.5811  LR: 0.298200
Saved checkpoint: /mnt/c/Users/User/PycharmProjects/representation-learning-label-efficienc/checkpoints/simclr_pretrain_resnet18_pt/simclr_epoch_50.pth
[Epoch 51/800] Loss: 0.5718  LR: 0.298106
[Epoch 52/800] Loss: 0.5773  LR: 0.298011
[Epoch 53/800] Loss: 0.5604  LR: 0.297913
[Epoch 54/800] Loss: 0.5578  LR: 0.297812
[Epoch 55/800] Loss: 0.5740  LR: 0.297710
[Epoch 56/800] Loss: 0.5556  LR: 0.297605
[Epoch 57/800] Loss: 0.5654  LR: 0.297497
[Epoch 58/800] Loss: 0.5747  LR: 0.297388
[Epoch 59/800] Loss: 0.5608  LR: 0.297276
[Epoch 60/800] Loss: 0.5625  LR: 0.297161
Saved checkpoint: /mnt/c/Users/User/PycharmProjects/representation-learning-label-efficienc/checkpoints/simclr_pretrain_resnet18_pt/simclr_epoch_60.pth
[Epoch 61/800] Loss: 0.5466  LR: 0.297045
[Epoch 62/800] Loss: 0.5660  LR: 0.296926
[Epoch 63/800] Loss: 0.5605  LR: 0.296804
[Epoch 64/800] Loss: 0.5590  LR: 0.296681
[Epoch 65/800] Loss: 0.5515  LR: 0.296555
[Epoch 66/800] Loss: 0.5488  LR: 0.296426
[Epoch 67/800] Loss: 0.5577  LR: 0.296296
[Epoch 68/800] Loss: 0.5486  LR: 0.296163
[Epoch 69/800] Loss: 0.5517  LR: 0.296028
[Epoch 70/800] Loss: 0.5595  LR: 0.295890
Saved checkpoint: /mnt/c/Users/User/PycharmProjects/representation-learning-label-efficienc/checkpoints/simclr_pretrain_resnet18_pt/simclr_epoch_70.pth
[Epoch 71/800] Loss: 0.5535  LR: 0.295750
[Epoch 72/800] Loss: 0.5529  LR: 0.295608
[Epoch 73/800] Loss: 0.5470  LR: 0.295464
[Epoch 74/800] Loss: 0.5553  LR: 0.295317
[Epoch 75/800] Loss: 0.5513  LR: 0.295168
[Epoch 76/800] Loss: 0.5505  LR: 0.295017
[Epoch 77/800] Loss: 0.5509  LR: 0.294863
[Epoch 78/800] Loss: 0.5521  LR: 0.294707
[Epoch 79/800] Loss: 0.5537  LR: 0.294549
[Epoch 80/800] Loss: 0.5495  LR: 0.294389
Saved checkpoint: /mnt/c/Users/User/PycharmProjects/representation-learning-label-efficienc/checkpoints/simclr_pretrain_resnet18_pt/simclr_epoch_80.pth
[Epoch 81/800] Loss: 0.5437  LR: 0.294226
[Epoch 82/800] Loss: 0.5520  LR: 0.294061
[Epoch 83/800] Loss: 0.5440  LR: 0.293893
[Epoch 84/800] Loss: 0.5380  LR: 0.293724
[Epoch 85/800] Loss: 0.5504  LR: 0.293552
[Epoch 86/800] Loss: 0.5510  LR: 0.293378
[Epoch 87/800] Loss: 0.5459  LR: 0.293201
[Epoch 88/800] Loss: 0.5331  LR: 0.293023
[Epoch 89/800] Loss: 0.5534  LR: 0.292842
[Epoch 90/800] Loss: 0.5396  LR: 0.292659
Saved checkpoint: /mnt/c/Users/User/PycharmProjects/representation-learning-label-efficienc/checkpoints/simclr_pretrain_resnet18_pt/simclr_epoch_90.pth
[Epoch 91/800] Loss: 0.5447  LR: 0.292473
[Epoch 92/800] Loss: 0.5411  LR: 0.292285
[Epoch 93/800] Loss: 0.5479  LR: 0.292095
[Epoch 94/800] Loss: 0.5418  LR: 0.291903
[Epoch 95/800] Loss: 0.5343  LR: 0.291709
[Epoch 96/800] Loss: 0.5390  LR: 0.291512
[Epoch 97/800] Loss: 0.5420  LR: 0.291313
[Epoch 98/800] Loss: 0.5428  LR: 0.291112
[Epoch 99/800] Loss: 0.5375  LR: 0.290909
[Epoch 100/800] Loss: 0.5357  LR: 0.290703
Saved checkpoint: /mnt/c/Users/User/PycharmProjects/representation-learning-label-efficienc/checkpoints/simclr_pretrain_resnet18_pt/simclr_epoch_100.pth
[Epoch 101/800] Loss: 0.5537  LR: 0.290495
[Epoch 102/800] Loss: 0.5289  LR: 0.290285
[Epoch 103/800] Loss: 0.5293  LR: 0.290073
[Epoch 104/800] Loss: 0.5335  LR: 0.289858
[Epoch 105/800] Loss: 0.5312  LR: 0.289641
[Epoch 106/800] Loss: 0.5426  LR: 0.289423
[Epoch 107/800] Loss: 0.5375  LR: 0.289201
[Epoch 108/800] Loss: 0.5365  LR: 0.288978
[Epoch 109/800] Loss: 0.5387  LR: 0.288753
[Epoch 110/800] Loss: 0.5352  LR: 0.288525
Saved checkpoint: /mnt/c/Users/User/PycharmProjects/representation-learning-label-efficienc/checkpoints/simclr_pretrain_resnet18_pt/simclr_epoch_110.pth
[Epoch 111/800] Loss: 0.5428  LR: 0.288295
[Epoch 112/800] Loss: 0.5345  LR: 0.288063
[Epoch 113/800] Loss: 0.5200  LR: 0.287829
[Epoch 114/800] Loss: 0.5343  LR: 0.287592
[Epoch 115/800] Loss: 0.5382  LR: 0.287353
[Epoch 116/800] Loss: 0.5298  LR: 0.287113
[Epoch 117/800] Loss: 0.5347  LR: 0.286870
[Epoch 118/800] Loss: 0.5338  LR: 0.286624
[Epoch 119/800] Loss: 0.5243  LR: 0.286377
[Epoch 120/800] Loss: 0.5338  LR: 0.286128
Saved checkpoint: /mnt/c/Users/User/PycharmProjects/representation-learning-label-efficienc/checkpoints/simclr_pretrain_resnet18_pt/simclr_epoch_120.pth
[Epoch 121/800] Loss: 0.5218  LR: 0.285876
[Epoch 122/800] Loss: 0.5306  LR: 0.285622
[Epoch 123/800] Loss: 0.5299  LR: 0.285366
[Epoch 124/800] Loss: 0.5317  LR: 0.285108
[Epoch 125/800] Loss: 0.5271  LR: 0.284848
[Epoch 126/800] Loss: 0.5364  LR: 0.284586
[Epoch 127/800] Loss: 0.5269  LR: 0.284321
[Epoch 128/800] Loss: 0.5215  LR: 0.284055
[Epoch 129/800] Loss: 0.5243  LR: 0.283786
[Epoch 130/800] Loss: 0.5218  LR: 0.283515
Saved checkpoint: /mnt/c/Users/User/PycharmProjects/representation-learning-label-efficienc/checkpoints/simclr_pretrain_resnet18_pt/simclr_epoch_130.pth
[Epoch 131/800] Loss: 0.5275  LR: 0.283242
[Epoch 132/800] Loss: 0.5232  LR: 0.282967
[Epoch 133/800] Loss: 0.5257  LR: 0.282690
[Epoch 134/800] Loss: 0.5270  LR: 0.282411
[Epoch 135/800] Loss: 0.5267  LR: 0.282130
[Epoch 136/800] Loss: 0.5236  LR: 0.281846
[Epoch 137/800] Loss: 0.5273  LR: 0.281561
[Epoch 138/800] Loss: 0.5167  LR: 0.281273
[Epoch 139/800] Loss: 0.5223  LR: 0.280984
[Epoch 140/800] Loss: 0.5183  LR: 0.280692
Saved checkpoint: /mnt/c/Users/User/PycharmProjects/representation-learning-label-efficienc/checkpoints/simclr_pretrain_resnet18_pt/simclr_epoch_140.pth
[Epoch 141/800] Loss: 0.5120  LR: 0.280398
[Epoch 142/800] Loss: 0.5246  LR: 0.280102
[Epoch 143/800] Loss: 0.5132  LR: 0.279804
[Epoch 144/800] Loss: 0.5184  LR: 0.279504
[Epoch 145/800] Loss: 0.5199  LR: 0.279202
[Epoch 146/800] Loss: 0.5137  LR: 0.278898
[Epoch 147/800] Loss: 0.5125  LR: 0.278592
[Epoch 148/800] Loss: 0.5218  LR: 0.278284
[Epoch 149/800] Loss: 0.5167  LR: 0.277974
[Epoch 150/800] Loss: 0.5177  LR: 0.277662
Saved checkpoint: /mnt/c/Users/User/PycharmProjects/representation-learning-label-efficienc/checkpoints/simclr_pretrain_resnet18_pt/simclr_epoch_150.pth
[Epoch 151/800] Loss: 0.5256  LR: 0.277348
[Epoch 152/800] Loss: 0.5243  LR: 0.277031
[Epoch 153/800] Loss: 0.5111  LR: 0.276713
[Epoch 154/800] Loss: 0.5154  LR: 0.276393
[Epoch 155/800] Loss: 0.5187  LR: 0.276071
[Epoch 156/800] Loss: 0.5065  LR: 0.275746
[Epoch 157/800] Loss: 0.5097  LR: 0.275420
[Epoch 158/800] Loss: 0.5111  LR: 0.275092
[Epoch 159/800] Loss: 0.5059  LR: 0.274762
[Epoch 160/800] Loss: 0.5181  LR: 0.274430
Saved checkpoint: /mnt/c/Users/User/PycharmProjects/representation-learning-label-efficienc/checkpoints/simclr_pretrain_resnet18_pt/simclr_epoch_160.pth
[Epoch 161/800] Loss: 0.5166  LR: 0.274096
[Epoch 162/800] Loss: 0.5097  LR: 0.273760
[Epoch 163/800] Loss: 0.5168  LR: 0.273422
[Epoch 164/800] Loss: 0.5152  LR: 0.273082
[Epoch 165/800] Loss: 0.5053  LR: 0.272740
[Epoch 166/800] Loss: 0.5145  LR: 0.272396
[Epoch 167/800] Loss: 0.5084  LR: 0.272050
[Epoch 168/800] Loss: 0.5084  LR: 0.271702
[Epoch 169/800] Loss: 0.5115  LR: 0.271353
[Epoch 170/800] Loss: 0.5083  LR: 0.271001
Saved checkpoint: /mnt/c/Users/User/PycharmProjects/representation-learning-label-efficienc/checkpoints/simclr_pretrain_resnet18_pt/simclr_epoch_170.pth
[Epoch 171/800] Loss: 0.5136  LR: 0.270648
[Epoch 172/800] Loss: 0.5096  LR: 0.270292
[Epoch 173/800] Loss: 0.5118  LR: 0.269935
[Epoch 174/800] Loss: 0.5013  LR: 0.269576
[Epoch 175/800] Loss: 0.5094  LR: 0.269215
[Epoch 176/800] Loss: 0.5060  LR: 0.268852
[Epoch 177/800] Loss: 0.5133  LR: 0.268487
[Epoch 178/800] Loss: 0.5024  LR: 0.268120
[Epoch 179/800] Loss: 0.5131  LR: 0.267751
[Epoch 180/800] Loss: 0.5053  LR: 0.267381
Saved checkpoint: /mnt/c/Users/User/PycharmProjects/representation-learning-label-efficienc/checkpoints/simclr_pretrain_resnet18_pt/simclr_epoch_180.pth
[Epoch 181/800] Loss: 0.5093  LR: 0.267009
[Epoch 182/800] Loss: 0.5079  LR: 0.266635
[Epoch 183/800] Loss: 0.4914  LR: 0.266259
[Epoch 184/800] Loss: 0.5105  LR: 0.265881
[Epoch 185/800] Loss: 0.5054  LR: 0.265501
[Epoch 186/800] Loss: 0.5083  LR: 0.265120
[Epoch 187/800] Loss: 0.4949  LR: 0.264736
[Epoch 188/800] Loss: 0.5012  LR: 0.264351
[Epoch 189/800] Loss: 0.5060  LR: 0.263964
[Epoch 190/800] Loss: 0.5019  LR: 0.263575
Saved checkpoint: /mnt/c/Users/User/PycharmProjects/representation-learning-label-efficienc/checkpoints/simclr_pretrain_resnet18_pt/simclr_epoch_190.pth
[Epoch 191/800] Loss: 0.5025  LR: 0.263185
[Epoch 192/800] Loss: 0.4963  LR: 0.262792
[Epoch 193/800] Loss: 0.5098  LR: 0.262398
[Epoch 194/800] Loss: 0.5017  LR: 0.262002
[Epoch 195/800] Loss: 0.4926  LR: 0.261605
[Epoch 196/800] Loss: 0.5041  LR: 0.261205
[Epoch 197/800] Loss: 0.4903  LR: 0.260804
[Epoch 198/800] Loss: 0.5030  LR: 0.260401
[Epoch 199/800] Loss: 0.5019  LR: 0.259997
[Epoch 200/800] Loss: 0.5029  LR: 0.259590
Saved checkpoint: /mnt/c/Users/User/PycharmProjects/representation-learning-label-efficienc/checkpoints/simclr_pretrain_resnet18_pt/simclr_epoch_200.pth
[Epoch 201/800] Loss: 0.4940  LR: 0.259182
[Epoch 202/800] Loss: 0.5006  LR: 0.258772
[Epoch 203/800] Loss: 0.4893  LR: 0.258360
[Epoch 204/800] Loss: 0.4942  LR: 0.257947
[Epoch 205/800] Loss: 0.4951  LR: 0.257532
[Epoch 206/800] Loss: 0.4923  LR: 0.257115
[Epoch 207/800] Loss: 0.4918  LR: 0.256697
[Epoch 208/800] Loss: 0.4917  LR: 0.256277
[Epoch 209/800] Loss: 0.4844  LR: 0.255855
[Epoch 210/800] Loss: 0.4927  LR: 0.255432
Saved checkpoint: /mnt/c/Users/User/PycharmProjects/representation-learning-label-efficienc/checkpoints/simclr_pretrain_resnet18_pt/simclr_epoch_210.pth
[Epoch 211/800] Loss: 0.4915  LR: 0.255006
[Epoch 212/800] Loss: 0.4980  LR: 0.254580
[Epoch 213/800] Loss: 0.4971  LR: 0.254151
[Epoch 214/800] Loss: 0.4883  LR: 0.253721
[Epoch 215/800] Loss: 0.4936  LR: 0.253289
[Epoch 216/800] Loss: 0.4951  LR: 0.252856
[Epoch 217/800] Loss: 0.4877  LR: 0.252421
[Epoch 218/800] Loss: 0.4831  LR: 0.251984
[Epoch 219/800] Loss: 0.4967  LR: 0.251546
[Epoch 220/800] Loss: 0.4859  LR: 0.251106
Saved checkpoint: /mnt/c/Users/User/PycharmProjects/representation-learning-label-efficienc/checkpoints/simclr_pretrain_resnet18_pt/simclr_epoch_220.pth
[Epoch 221/800] Loss: 0.4963  LR: 0.250665
[Epoch 222/800] Loss: 0.4869  LR: 0.250222
[Epoch 223/800] Loss: 0.4840  LR: 0.249777
[Epoch 224/800] Loss: 0.4725  LR: 0.249331
[Epoch 225/800] Loss: 0.4836  LR: 0.248883
[Epoch 226/800] Loss: 0.4941  LR: 0.248434
[Epoch 227/800] Loss: 0.4901  LR: 0.247983
[Epoch 228/800] Loss: 0.4913  LR: 0.247531
[Epoch 229/800] Loss: 0.4839  LR: 0.247077
[Epoch 230/800] Loss: 0.4898  LR: 0.246621
Saved checkpoint: /mnt/c/Users/User/PycharmProjects/representation-learning-label-efficienc/checkpoints/simclr_pretrain_resnet18_pt/simclr_epoch_230.pth
[Epoch 231/800] Loss: 0.4758  LR: 0.246164
[Epoch 232/800] Loss: 0.4700  LR: 0.245706
[Epoch 233/800] Loss: 0.4831  LR: 0.245246
[Epoch 234/800] Loss: 0.4814  LR: 0.244784
[Epoch 235/800] Loss: 0.4795  LR: 0.244321
[Epoch 236/800] Loss: 0.4774  LR: 0.243856
[Epoch 237/800] Loss: 0.4826  LR: 0.243390
[Epoch 238/800] Loss: 0.4823  LR: 0.242923
[Epoch 239/800] Loss: 0.4698  LR: 0.242454
[Epoch 240/800] Loss: 0.4755  LR: 0.241983
Saved checkpoint: /mnt/c/Users/User/PycharmProjects/representation-learning-label-efficienc/checkpoints/simclr_pretrain_resnet18_pt/simclr_epoch_240.pth
[Epoch 241/800] Loss: 0.4883  LR: 0.241511
[Epoch 242/800] Loss: 0.4780  LR: 0.241038
[Epoch 243/800] Loss: 0.4749  LR: 0.240563
[Epoch 244/800] Loss: 0.4757  LR: 0.240087
[Epoch 245/800] Loss: 0.4758  LR: 0.239609
[Epoch 246/800] Loss: 0.4747  LR: 0.239130
[Epoch 247/800] Loss: 0.4710  LR: 0.238650
[Epoch 248/800] Loss: 0.4716  LR: 0.238168
[Epoch 249/800] Loss: 0.4740  LR: 0.237685
[Epoch 250/800] Loss: 0.4709  LR: 0.237200
Saved checkpoint: /mnt/c/Users/User/PycharmProjects/representation-learning-label-efficienc/checkpoints/simclr_pretrain_resnet18_pt/simclr_epoch_250.pth
[Epoch 251/800] Loss: 0.4827  LR: 0.236714
[Epoch 252/800] Loss: 0.4691  LR: 0.236227
[Epoch 253/800] Loss: 0.4667  LR: 0.235738
[Epoch 254/800] Loss: 0.4678  LR: 0.235248
[Epoch 255/800] Loss: 0.4773  LR: 0.234756
[Epoch 256/800] Loss: 0.4702  LR: 0.234263
[Epoch 257/800] Loss: 0.4672  LR: 0.233769
[Epoch 258/800] Loss: 0.4713  LR: 0.233274
[Epoch 259/800] Loss: 0.4665  LR: 0.232777
[Epoch 260/800] Loss: 0.4663  LR: 0.232279
Saved checkpoint: /mnt/c/Users/User/PycharmProjects/representation-learning-label-efficienc/checkpoints/simclr_pretrain_resnet18_pt/simclr_epoch_260.pth
[Epoch 261/800] Loss: 0.4717  LR: 0.231779
[Epoch 262/800] Loss: 0.4737  LR: 0.231279
[Epoch 263/800] Loss: 0.4583  LR: 0.230777
[Epoch 264/800] Loss: 0.4677  LR: 0.230273
[Epoch 265/800] Loss: 0.4638  LR: 0.229769
[Epoch 266/800] Loss: 0.4702  LR: 0.229263
[Epoch 267/800] Loss: 0.4561  LR: 0.228756
[Epoch 268/800] Loss: 0.4694  LR: 0.228248
[Epoch 269/800] Loss: 0.4600  LR: 0.227738
[Epoch 270/800] Loss: 0.4612  LR: 0.227228
Saved checkpoint: /mnt/c/Users/User/PycharmProjects/representation-learning-label-efficienc/checkpoints/simclr_pretrain_resnet18_pt/simclr_epoch_270.pth
[Epoch 271/800] Loss: 0.4656  LR: 0.226716
[Epoch 272/800] Loss: 0.4568  LR: 0.226202
[Epoch 273/800] Loss: 0.4621  LR: 0.225688
[Epoch 274/800] Loss: 0.4730  LR: 0.225172
[Epoch 275/800] Loss: 0.4539  LR: 0.224656
[Epoch 276/800] Loss: 0.4684  LR: 0.224138
[Epoch 277/800] Loss: 0.4633  LR: 0.223618
[Epoch 278/800] Loss: 0.4545  LR: 0.223098
[Epoch 279/800] Loss: 0.4558  LR: 0.222577
[Epoch 280/800] Loss: 0.4673  LR: 0.222054
Saved checkpoint: /mnt/c/Users/User/PycharmProjects/representation-learning-label-efficienc/checkpoints/simclr_pretrain_resnet18_pt/simclr_epoch_280.pth
[Epoch 281/800] Loss: 0.4627  LR: 0.221530
[Epoch 282/800] Loss: 0.4587  LR: 0.221006
[Epoch 283/800] Loss: 0.4639  LR: 0.220480
[Epoch 284/800] Loss: 0.4609  LR: 0.219952
[Epoch 285/800] Loss: 0.4565  LR: 0.219424
[Epoch 286/800] Loss: 0.4599  LR: 0.218895
[Epoch 287/800] Loss: 0.4518  LR: 0.218364
[Epoch 288/800] Loss: 0.4545  LR: 0.217833
[Epoch 289/800] Loss: 0.4533  LR: 0.217300
[Epoch 290/800] Loss: 0.4554  LR: 0.216767
Saved checkpoint: /mnt/c/Users/User/PycharmProjects/representation-learning-label-efficienc/checkpoints/simclr_pretrain_resnet18_pt/simclr_epoch_290.pth
[Epoch 291/800] Loss: 0.4509  LR: 0.216232
[Epoch 292/800] Loss: 0.4475  LR: 0.215696
[Epoch 293/800] Loss: 0.4579  LR: 0.215160
[Epoch 294/800] Loss: 0.4521  LR: 0.214622
[Epoch 295/800] Loss: 0.4440  LR: 0.214083
[Epoch 296/800] Loss: 0.4580  LR: 0.213543
[Epoch 297/800] Loss: 0.4421  LR: 0.213002
[Epoch 298/800] Loss: 0.4547  LR: 0.212460
[Epoch 299/800] Loss: 0.4576  LR: 0.211918
[Epoch 300/800] Loss: 0.4397  LR: 0.211374
Saved checkpoint: /mnt/c/Users/User/PycharmProjects/representation-learning-label-efficienc/checkpoints/simclr_pretrain_resnet18_pt/simclr_epoch_300.pth
[Epoch 301/800] Loss: 0.4432  LR: 0.210829
[Epoch 302/800] Loss: 0.4440  LR: 0.210283
[Epoch 303/800] Loss: 0.4488  LR: 0.209737
[Epoch 304/800] Loss: 0.4494  LR: 0.209189
[Epoch 305/800] Loss: 0.4446  LR: 0.208640
[Epoch 306/800] Loss: 0.4443  LR: 0.208091
[Epoch 307/800] Loss: 0.4506  LR: 0.207541
[Epoch 308/800] Loss: 0.4346  LR: 0.206989
[Epoch 309/800] Loss: 0.4518  LR: 0.206437
[Epoch 310/800] Loss: 0.4419  LR: 0.205884
Saved checkpoint: /mnt/c/Users/User/PycharmProjects/representation-learning-label-efficienc/checkpoints/simclr_pretrain_resnet18_pt/simclr_epoch_310.pth
[Epoch 311/800] Loss: 0.4489  LR: 0.205330
[Epoch 312/800] Loss: 0.4367  LR: 0.204775
[Epoch 313/800] Loss: 0.4448  LR: 0.204219
[Epoch 314/800] Loss: 0.4446  LR: 0.203663
[Epoch 315/800] Loss: 0.4371  LR: 0.203105
[Epoch 316/800] Loss: 0.4361  LR: 0.202547
[Epoch 317/800] Loss: 0.4395  LR: 0.201988
[Epoch 318/800] Loss: 0.4351  LR: 0.201428
[Epoch 319/800] Loss: 0.4429  LR: 0.200867
[Epoch 320/800] Loss: 0.4307  LR: 0.200306
Saved checkpoint: /mnt/c/Users/User/PycharmProjects/representation-learning-label-efficienc/checkpoints/simclr_pretrain_resnet18_pt/simclr_epoch_320.pth
[Epoch 321/800] Loss: 0.4326  LR: 0.199743
[Epoch 322/800] Loss: 0.4353  LR: 0.199180
[Epoch 323/800] Loss: 0.4349  LR: 0.198616
[Epoch 324/800] Loss: 0.4311  LR: 0.198051
[Epoch 325/800] Loss: 0.4340  LR: 0.197486
[Epoch 326/800] Loss: 0.4414  LR: 0.196920
[Epoch 327/800] Loss: 0.4386  LR: 0.196353
[Epoch 328/800] Loss: 0.4355  LR: 0.195785
[Epoch 329/800] Loss: 0.4362  LR: 0.195217
[Epoch 330/800] Loss: 0.4314  LR: 0.194648
Saved checkpoint: /mnt/c/Users/User/PycharmProjects/representation-learning-label-efficienc/checkpoints/simclr_pretrain_resnet18_pt/simclr_epoch_330.pth
[Epoch 331/800] Loss: 0.4247  LR: 0.194078
[Epoch 332/800] Loss: 0.4305  LR: 0.193507
[Epoch 333/800] Loss: 0.4367  LR: 0.192936
[Epoch 334/800] Loss: 0.4273  LR: 0.192364
[Epoch 335/800] Loss: 0.4204  LR: 0.191792
[Epoch 336/800] Loss: 0.4333  LR: 0.191219
[Epoch 337/800] Loss: 0.4261  LR: 0.190645
[Epoch 338/800] Loss: 0.4261  LR: 0.190070
[Epoch 339/800] Loss: 0.4265  LR: 0.189495
[Epoch 340/800] Loss: 0.4178  LR: 0.188919
Saved checkpoint: /mnt/c/Users/User/PycharmProjects/representation-learning-label-efficienc/checkpoints/simclr_pretrain_resnet18_pt/simclr_epoch_340.pth
[Epoch 341/800] Loss: 0.4278  LR: 0.188343
[Epoch 342/800] Loss: 0.4201  LR: 0.187766
[Epoch 343/800] Loss: 0.4170  LR: 0.187188
[Epoch 344/800] Loss: 0.4210  LR: 0.186610
[Epoch 345/800] Loss: 0.4214  LR: 0.186031
[Epoch 346/800] Loss: 0.4222  LR: 0.185452
[Epoch 347/800] Loss: 0.4235  LR: 0.184872
[Epoch 348/800] Loss: 0.4232  LR: 0.184292
[Epoch 349/800] Loss: 0.4157  LR: 0.183711
[Epoch 350/800] Loss: 0.4128  LR: 0.183129
Saved checkpoint: /mnt/c/Users/User/PycharmProjects/representation-learning-label-efficienc/checkpoints/simclr_pretrain_resnet18_pt/simclr_epoch_350.pth
[Epoch 351/800] Loss: 0.4134  LR: 0.182547
[Epoch 352/800] Loss: 0.4160  LR: 0.181965
[Epoch 353/800] Loss: 0.4121  LR: 0.181382
[Epoch 354/800] Loss: 0.4138  LR: 0.180798
[Epoch 355/800] Loss: 0.4091  LR: 0.180214
[Epoch 356/800] Loss: 0.4132  LR: 0.179630
[Epoch 357/800] Loss: 0.4130  LR: 0.179045
[Epoch 358/800] Loss: 0.4144  LR: 0.178459
[Epoch 359/800] Loss: 0.4117  LR: 0.177873
[Epoch 360/800] Loss: 0.4108  LR: 0.177287
Saved checkpoint: /mnt/c/Users/User/PycharmProjects/representation-learning-label-efficienc/checkpoints/simclr_pretrain_resnet18_pt/simclr_epoch_360.pth
[Epoch 361/800] Loss: 0.4112  LR: 0.176700
[Epoch 362/800] Loss: 0.4094  LR: 0.176113
[Epoch 363/800] Loss: 0.4101  LR: 0.175525
[Epoch 364/800] Loss: 0.4162  LR: 0.174937
[Epoch 365/800] Loss: 0.4077  LR: 0.174349
[Epoch 366/800] Loss: 0.4118  LR: 0.173760
[Epoch 367/800] Loss: 0.4079  LR: 0.173171
[Epoch 368/800] Loss: 0.4010  LR: 0.172581
[Epoch 369/800] Loss: 0.4070  LR: 0.171992
[Epoch 370/800] Loss: 0.4107  LR: 0.171401
Saved checkpoint: /mnt/c/Users/User/PycharmProjects/representation-learning-label-efficienc/checkpoints/simclr_pretrain_resnet18_pt/simclr_epoch_370.pth
[Epoch 371/800] Loss: 0.4045  LR: 0.170811
[Epoch 372/800] Loss: 0.4064  LR: 0.170220
[Epoch 373/800] Loss: 0.4074  LR: 0.169629
[Epoch 374/800] Loss: 0.4054  LR: 0.169037
[Epoch 375/800] Loss: 0.3967  LR: 0.168445
[Epoch 376/800] Loss: 0.4067  LR: 0.167853
[Epoch 377/800] Loss: 0.4034  LR: 0.167261
[Epoch 378/800] Loss: 0.4080  LR: 0.166668
[Epoch 379/800] Loss: 0.3996  LR: 0.166075
[Epoch 380/800] Loss: 0.3961  LR: 0.165482
Saved checkpoint: /mnt/c/Users/User/PycharmProjects/representation-learning-label-efficienc/checkpoints/simclr_pretrain_resnet18_pt/simclr_epoch_380.pth
[Epoch 381/800] Loss: 0.3939  LR: 0.164889
[Epoch 382/800] Loss: 0.3929  LR: 0.164295
[Epoch 383/800] Loss: 0.3940  LR: 0.163701
[Epoch 384/800] Loss: 0.3879  LR: 0.163107
[Epoch 385/800] Loss: 0.3957  LR: 0.162513
[Epoch 386/800] Loss: 0.3934  LR: 0.161918
[Epoch 387/800] Loss: 0.3923  LR: 0.161323
[Epoch 388/800] Loss: 0.3951  LR: 0.160728
[Epoch 389/800] Loss: 0.3903  LR: 0.160133
[Epoch 390/800] Loss: 0.3968  LR: 0.159538
Saved checkpoint: /mnt/c/Users/User/PycharmProjects/representation-learning-label-efficienc/checkpoints/simclr_pretrain_resnet18_pt/simclr_epoch_390.pth
[Epoch 391/800] Loss: 0.3884  LR: 0.158943
[Epoch 392/800] Loss: 0.3911  LR: 0.158347
[Epoch 393/800] Loss: 0.3934  LR: 0.157752
[Epoch 394/800] Loss: 0.3857  LR: 0.157156
[Epoch 395/800] Loss: 0.3833  LR: 0.156560
[Epoch 396/800] Loss: 0.3858  LR: 0.155964
[Epoch 397/800] Loss: 0.3881  LR: 0.155368
[Epoch 398/800] Loss: 0.3920  LR: 0.154772
[Epoch 399/800] Loss: 0.3830  LR: 0.154175
[Epoch 400/800] Loss: 0.3849  LR: 0.153579
Saved checkpoint: /mnt/c/Users/User/PycharmProjects/representation-learning-label-efficienc/checkpoints/simclr_pretrain_resnet18_pt/simclr_epoch_400.pth
[Epoch 401/800] Loss: 0.3779  LR: 0.152983
[Epoch 402/800] Loss: 0.3850  LR: 0.152386
[Epoch 403/800] Loss: 0.3844  LR: 0.151790
[Epoch 404/800] Loss: 0.3802  LR: 0.151193
[Epoch 405/800] Loss: 0.3788  LR: 0.150597
[Epoch 406/800] Loss: 0.3819  LR: 0.150001
[Epoch 407/800] Loss: 0.3788  LR: 0.149404
[Epoch 408/800] Loss: 0.3775  LR: 0.148808
[Epoch 409/800] Loss: 0.3708  LR: 0.148211
[Epoch 410/800] Loss: 0.3769  LR: 0.147615
Saved checkpoint: /mnt/c/Users/User/PycharmProjects/representation-learning-label-efficienc/checkpoints/simclr_pretrain_resnet18_pt/simclr_epoch_410.pth
[Epoch 411/800] Loss: 0.3778  LR: 0.147018
[Epoch 412/800] Loss: 0.3718  LR: 0.146422
[Epoch 413/800] Loss: 0.3769  LR: 0.145826
[Epoch 414/800] Loss: 0.3770  LR: 0.145229
[Epoch 415/800] Loss: 0.3756  LR: 0.144633
[Epoch 416/800] Loss: 0.3680  LR: 0.144037
[Epoch 417/800] Loss: 0.3684  LR: 0.143441
[Epoch 418/800] Loss: 0.3704  LR: 0.142845
[Epoch 419/800] Loss: 0.3678  LR: 0.142249
[Epoch 420/800] Loss: 0.3732  LR: 0.141654
Saved checkpoint: /mnt/c/Users/User/PycharmProjects/representation-learning-label-efficienc/checkpoints/simclr_pretrain_resnet18_pt/simclr_epoch_420.pth
[Epoch 421/800] Loss: 0.3676  LR: 0.141058
[Epoch 422/800] Loss: 0.3671  LR: 0.140463
[Epoch 423/800] Loss: 0.3643  LR: 0.139868
[Epoch 424/800] Loss: 0.3573  LR: 0.139273
[Epoch 425/800] Loss: 0.3645  LR: 0.138678
[Epoch 426/800] Loss: 0.3597  LR: 0.138083
[Epoch 427/800] Loss: 0.3720  LR: 0.137488
[Epoch 428/800] Loss: 0.3634  LR: 0.136894
[Epoch 429/800] Loss: 0.3638  LR: 0.136300
[Epoch 430/800] Loss: 0.3590  LR: 0.135706
Saved checkpoint: /mnt/c/Users/User/PycharmProjects/representation-learning-label-efficienc/checkpoints/simclr_pretrain_resnet18_pt/simclr_epoch_430.pth
[Epoch 431/800] Loss: 0.3612  LR: 0.135112
[Epoch 432/800] Loss: 0.3558  LR: 0.134519
[Epoch 433/800] Loss: 0.3600  LR: 0.133926
[Epoch 434/800] Loss: 0.3589  LR: 0.133333
[Epoch 435/800] Loss: 0.3529  LR: 0.132740
[Epoch 436/800] Loss: 0.3578  LR: 0.132148
[Epoch 437/800] Loss: 0.3529  LR: 0.131556
[Epoch 438/800] Loss: 0.3582  LR: 0.130964
[Epoch 439/800] Loss: 0.3576  LR: 0.130372
[Epoch 440/800] Loss: 0.3513  LR: 0.129781
Saved checkpoint: /mnt/c/Users/User/PycharmProjects/representation-learning-label-efficienc/checkpoints/simclr_pretrain_resnet18_pt/simclr_epoch_440.pth
[Epoch 441/800] Loss: 0.3539  LR: 0.129190
[Epoch 442/800] Loss: 0.3512  LR: 0.128600
[Epoch 443/800] Loss: 0.3525  LR: 0.128009
[Epoch 444/800] Loss: 0.3487  LR: 0.127420
[Epoch 445/800] Loss: 0.3480  LR: 0.126830
[Epoch 446/800] Loss: 0.3476  LR: 0.126241
[Epoch 447/800] Loss: 0.3519  LR: 0.125652
[Epoch 448/800] Loss: 0.3434  LR: 0.125064
[Epoch 449/800] Loss: 0.3421  LR: 0.124476
[Epoch 450/800] Loss: 0.3522  LR: 0.123888
Saved checkpoint: /mnt/c/Users/User/PycharmProjects/representation-learning-label-efficienc/checkpoints/simclr_pretrain_resnet18_pt/simclr_epoch_450.pth
[Epoch 451/800] Loss: 0.3450  LR: 0.123301
[Epoch 452/800] Loss: 0.3445  LR: 0.122714
[Epoch 453/800] Loss: 0.3433  LR: 0.122128
[Epoch 454/800] Loss: 0.3373  LR: 0.121542
[Epoch 455/800] Loss: 0.3367  LR: 0.120956
[Epoch 456/800] Loss: 0.3443  LR: 0.120371
[Epoch 457/800] Loss: 0.3464  LR: 0.119787
[Epoch 458/800] Loss: 0.3456  LR: 0.119203
[Epoch 459/800] Loss: 0.3369  LR: 0.118619
[Epoch 460/800] Loss: 0.3378  LR: 0.118036
Saved checkpoint: /mnt/c/Users/User/PycharmProjects/representation-learning-label-efficienc/checkpoints/simclr_pretrain_resnet18_pt/simclr_epoch_460.pth
[Epoch 461/800] Loss: 0.3395  LR: 0.117454
[Epoch 462/800] Loss: 0.3366  LR: 0.116872
[Epoch 463/800] Loss: 0.3377  LR: 0.116290
[Epoch 464/800] Loss: 0.3352  LR: 0.115709
[Epoch 465/800] Loss: 0.3286  LR: 0.115129
[Epoch 466/800] Loss: 0.3278  LR: 0.114549
[Epoch 467/800] Loss: 0.3303  LR: 0.113970
[Epoch 468/800] Loss: 0.3338  LR: 0.113391
[Epoch 469/800] Loss: 0.3291  LR: 0.112813
[Epoch 470/800] Loss: 0.3299  LR: 0.112235
Saved checkpoint: /mnt/c/Users/User/PycharmProjects/representation-learning-label-efficienc/checkpoints/simclr_pretrain_resnet18_pt/simclr_epoch_470.pth
[Epoch 471/800] Loss: 0.3276  LR: 0.111658
[Epoch 472/800] Loss: 0.3332  LR: 0.111082
[Epoch 473/800] Loss: 0.3273  LR: 0.110506
[Epoch 474/800] Loss: 0.3266  LR: 0.109931
[Epoch 475/800] Loss: 0.3314  LR: 0.109356
[Epoch 476/800] Loss: 0.3267  LR: 0.108782
[Epoch 477/800] Loss: 0.3269  LR: 0.108209
[Epoch 478/800] Loss: 0.3257  LR: 0.107637
[Epoch 479/800] Loss: 0.3218  LR: 0.107065
[Epoch 480/800] Loss: 0.3212  LR: 0.106494
Saved checkpoint: /mnt/c/Users/User/PycharmProjects/representation-learning-label-efficienc/checkpoints/simclr_pretrain_resnet18_pt/simclr_epoch_480.pth
[Epoch 481/800] Loss: 0.3196  LR: 0.105923
[Epoch 482/800] Loss: 0.3269  LR: 0.105353
[Epoch 483/800] Loss: 0.3226  LR: 0.104784
[Epoch 484/800] Loss: 0.3208  LR: 0.104216
[Epoch 485/800] Loss: 0.3157  LR: 0.103648
[Epoch 486/800] Loss: 0.3162  LR: 0.103081
[Epoch 487/800] Loss: 0.3133  LR: 0.102515
[Epoch 488/800] Loss: 0.3200  LR: 0.101950
[Epoch 489/800] Loss: 0.3121  LR: 0.101385
[Epoch 490/800] Loss: 0.3138  LR: 0.100821
Saved checkpoint: /mnt/c/Users/User/PycharmProjects/representation-learning-label-efficienc/checkpoints/simclr_pretrain_resnet18_pt/simclr_epoch_490.pth
[Epoch 491/800] Loss: 0.3186  LR: 0.100258
[Epoch 492/800] Loss: 0.3173  LR: 0.099695
[Epoch 493/800] Loss: 0.3139  LR: 0.099134
[Epoch 494/800] Loss: 0.3085  LR: 0.098573
[Epoch 495/800] Loss: 0.3092  LR: 0.098013
[Epoch 496/800] Loss: 0.3131  LR: 0.097454
[Epoch 497/800] Loss: 0.3102  LR: 0.096896
[Epoch 498/800] Loss: 0.3116  LR: 0.096338
[Epoch 499/800] Loss: 0.3114  LR: 0.095782
[Epoch 500/800] Loss: 0.3071  LR: 0.095226
Saved checkpoint: /mnt/c/Users/User/PycharmProjects/representation-learning-label-efficienc/checkpoints/simclr_pretrain_resnet18_pt/simclr_epoch_500.pth
[Epoch 501/800] Loss: 0.3036  LR: 0.094671
[Epoch 502/800] Loss: 0.3046  LR: 0.094117
[Epoch 503/800] Loss: 0.3017  LR: 0.093564
[Epoch 504/800] Loss: 0.3057  LR: 0.093012
[Epoch 505/800] Loss: 0.3034  LR: 0.092460
[Epoch 506/800] Loss: 0.3097  LR: 0.091910
[Epoch 507/800] Loss: 0.3034  LR: 0.091361
[Epoch 508/800] Loss: 0.3035  LR: 0.090812
[Epoch 509/800] Loss: 0.2975  LR: 0.090264
[Epoch 510/800] Loss: 0.3006  LR: 0.089718
Saved checkpoint: /mnt/c/Users/User/PycharmProjects/representation-learning-label-efficienc/checkpoints/simclr_pretrain_resnet18_pt/simclr_epoch_510.pth
[Epoch 511/800] Loss: 0.2968  LR: 0.089172
[Epoch 512/800] Loss: 0.3000  LR: 0.088627
[Epoch 513/800] Loss: 0.2984  LR: 0.088083
[Epoch 514/800] Loss: 0.2956  LR: 0.087541
[Epoch 515/800] Loss: 0.2962  LR: 0.086999
[Epoch 516/800] Loss: 0.2943  LR: 0.086458
[Epoch 517/800] Loss: 0.2986  LR: 0.085918
[Epoch 518/800] Loss: 0.3033  LR: 0.085379
[Epoch 519/800] Loss: 0.2918  LR: 0.084841
[Epoch 520/800] Loss: 0.2885  LR: 0.084305
Saved checkpoint: /mnt/c/Users/User/PycharmProjects/representation-learning-label-efficienc/checkpoints/simclr_pretrain_resnet18_pt/simclr_epoch_520.pth
[Epoch 521/800] Loss: 0.2984  LR: 0.083769
[Epoch 522/800] Loss: 0.2934  LR: 0.083234
[Epoch 523/800] Loss: 0.2860  LR: 0.082701
[Epoch 524/800] Loss: 0.2897  LR: 0.082168
[Epoch 525/800] Loss: 0.2859  LR: 0.081637
[Epoch 526/800] Loss: 0.2906  LR: 0.081106
[Epoch 527/800] Loss: 0.2918  LR: 0.080577
[Epoch 528/800] Loss: 0.2889  LR: 0.080049
[Epoch 529/800] Loss: 0.2882  LR: 0.079521
[Epoch 530/800] Loss: 0.2867  LR: 0.078995
Saved checkpoint: /mnt/c/Users/User/PycharmProjects/representation-learning-label-efficienc/checkpoints/simclr_pretrain_resnet18_pt/simclr_epoch_530.pth
[Epoch 531/800] Loss: 0.2811  LR: 0.078471
[Epoch 532/800] Loss: 0.2794  LR: 0.077947
[Epoch 533/800] Loss: 0.2798  LR: 0.077424
[Epoch 534/800] Loss: 0.2844  LR: 0.076903
[Epoch 535/800] Loss: 0.2823  LR: 0.076383
[Epoch 536/800] Loss: 0.2761  LR: 0.075863
[Epoch 537/800] Loss: 0.2739  LR: 0.075345
[Epoch 538/800] Loss: 0.2773  LR: 0.074829
[Epoch 539/800] Loss: 0.2774  LR: 0.074313
[Epoch 540/800] Loss: 0.2690  LR: 0.073799
Saved checkpoint: /mnt/c/Users/User/PycharmProjects/representation-learning-label-efficienc/checkpoints/simclr_pretrain_resnet18_pt/simclr_epoch_540.pth
[Epoch 541/800] Loss: 0.2731  LR: 0.073285
[Epoch 542/800] Loss: 0.2787  LR: 0.072773
[Epoch 543/800] Loss: 0.2770  LR: 0.072263
[Epoch 544/800] Loss: 0.2749  LR: 0.071753
[Epoch 545/800] Loss: 0.2752  LR: 0.071245
[Epoch 546/800] Loss: 0.2682  LR: 0.070738
[Epoch 547/800] Loss: 0.2719  LR: 0.070232
[Epoch 548/800] Loss: 0.2694  LR: 0.069728
[Epoch 549/800] Loss: 0.2719  LR: 0.069224
[Epoch 550/800] Loss: 0.2654  LR: 0.068722
Saved checkpoint: /mnt/c/Users/User/PycharmProjects/representation-learning-label-efficienc/checkpoints/simclr_pretrain_resnet18_pt/simclr_epoch_550.pth
[Epoch 551/800] Loss: 0.2660  LR: 0.068222
[Epoch 552/800] Loss: 0.2632  LR: 0.067722
[Epoch 553/800] Loss: 0.2648  LR: 0.067224
[Epoch 554/800] Loss: 0.2661  LR: 0.066727
[Epoch 555/800] Loss: 0.2676  LR: 0.066232
[Epoch 556/800] Loss: 0.2647  LR: 0.065738
[Epoch 557/800] Loss: 0.2625  LR: 0.065245
[Epoch 558/800] Loss: 0.2605  LR: 0.064753
[Epoch 559/800] Loss: 0.2569  LR: 0.064263
[Epoch 560/800] Loss: 0.2516  LR: 0.063774
Saved checkpoint: /mnt/c/Users/User/PycharmProjects/representation-learning-label-efficienc/checkpoints/simclr_pretrain_resnet18_pt/simclr_epoch_560.pth
[Epoch 561/800] Loss: 0.2639  LR: 0.063287
[Epoch 562/800] Loss: 0.2584  LR: 0.062801
[Epoch 563/800] Loss: 0.2573  LR: 0.062316
[Epoch 564/800] Loss: 0.2601  LR: 0.061833
[Epoch 565/800] Loss: 0.2535  LR: 0.061351
[Epoch 566/800] Loss: 0.2596  LR: 0.060871
[Epoch 567/800] Loss: 0.2519  LR: 0.060392
[Epoch 568/800] Loss: 0.2514  LR: 0.059914
[Epoch 569/800] Loss: 0.2503  LR: 0.059438
[Epoch 570/800] Loss: 0.2509  LR: 0.058963
Saved checkpoint: /mnt/c/Users/User/PycharmProjects/representation-learning-label-efficienc/checkpoints/simclr_pretrain_resnet18_pt/simclr_epoch_570.pth
[Epoch 571/800] Loss: 0.2484  LR: 0.058490
[Epoch 572/800] Loss: 0.2527  LR: 0.058018
[Epoch 573/800] Loss: 0.2485  LR: 0.057547
[Epoch 574/800] Loss: 0.2500  LR: 0.057078
[Epoch 575/800] Loss: 0.2439  LR: 0.056611
[Epoch 576/800] Loss: 0.2489  LR: 0.056145
[Epoch 577/800] Loss: 0.2537  LR: 0.055680
[Epoch 578/800] Loss: 0.2437  LR: 0.055217
[Epoch 579/800] Loss: 0.2474  LR: 0.054755
[Epoch 580/800] Loss: 0.2401  LR: 0.054295
Saved checkpoint: /mnt/c/Users/User/PycharmProjects/representation-learning-label-efficienc/checkpoints/simclr_pretrain_resnet18_pt/simclr_epoch_580.pth
[Epoch 581/800] Loss: 0.2384  LR: 0.053837
[Epoch 582/800] Loss: 0.2426  LR: 0.053380
[Epoch 583/800] Loss: 0.2410  LR: 0.052924
[Epoch 584/800] Loss: 0.2418  LR: 0.052470
[Epoch 585/800] Loss: 0.2368  LR: 0.052018
[Epoch 586/800] Loss: 0.2378  LR: 0.051567
[Epoch 587/800] Loss: 0.2424  LR: 0.051118
[Epoch 588/800] Loss: 0.2339  LR: 0.050670
[Epoch 589/800] Loss: 0.2348  LR: 0.050224
[Epoch 590/800] Loss: 0.2378  LR: 0.049779
Saved checkpoint: /mnt/c/Users/User/PycharmProjects/representation-learning-label-efficienc/checkpoints/simclr_pretrain_resnet18_pt/simclr_epoch_590.pth
[Epoch 591/800] Loss: 0.2320  LR: 0.049336
[Epoch 592/800] Loss: 0.2361  LR: 0.048895
[Epoch 593/800] Loss: 0.2297  LR: 0.048455
[Epoch 594/800] Loss: 0.2332  LR: 0.048017
[Epoch 595/800] Loss: 0.2316  LR: 0.047580
[Epoch 596/800] Loss: 0.2292  LR: 0.047145
[Epoch 597/800] Loss: 0.2289  LR: 0.046712
[Epoch 598/800] Loss: 0.2267  LR: 0.046280
[Epoch 599/800] Loss: 0.2307  LR: 0.045850
[Epoch 600/800] Loss: 0.2258  LR: 0.045421
Saved checkpoint: /mnt/c/Users/User/PycharmProjects/representation-learning-label-efficienc/checkpoints/simclr_pretrain_resnet18_pt/simclr_epoch_600.pth
[Epoch 601/800] Loss: 0.2265  LR: 0.044995
[Epoch 602/800] Loss: 0.2307  LR: 0.044569
[Epoch 603/800] Loss: 0.2208  LR: 0.044146
[Epoch 604/800] Loss: 0.2249  LR: 0.043724
[Epoch 605/800] Loss: 0.2229  LR: 0.043304
[Epoch 606/800] Loss: 0.2227  LR: 0.042886
[Epoch 607/800] Loss: 0.2228  LR: 0.042469
[Epoch 608/800] Loss: 0.2235  LR: 0.042054
[Epoch 609/800] Loss: 0.2195  LR: 0.041641
[Epoch 610/800] Loss: 0.2227  LR: 0.041229
Saved checkpoint: /mnt/c/Users/User/PycharmProjects/representation-learning-label-efficienc/checkpoints/simclr_pretrain_resnet18_pt/simclr_epoch_610.pth
[Epoch 611/800] Loss: 0.2210  LR: 0.040819
[Epoch 612/800] Loss: 0.2196  LR: 0.040411
[Epoch 613/800] Loss: 0.2170  LR: 0.040004
[Epoch 614/800] Loss: 0.2150  LR: 0.039600
[Epoch 615/800] Loss: 0.2170  LR: 0.039197
[Epoch 616/800] Loss: 0.2130  LR: 0.038796
[Epoch 617/800] Loss: 0.2146  LR: 0.038396
[Epoch 618/800] Loss: 0.2156  LR: 0.037999
[Epoch 619/800] Loss: 0.2110  LR: 0.037603
[Epoch 620/800] Loss: 0.2116  LR: 0.037209
Saved checkpoint: /mnt/c/Users/User/PycharmProjects/representation-learning-label-efficienc/checkpoints/simclr_pretrain_resnet18_pt/simclr_epoch_620.pth
[Epoch 621/800] Loss: 0.2078  LR: 0.036816
[Epoch 622/800] Loss: 0.2076  LR: 0.036426
[Epoch 623/800] Loss: 0.2072  LR: 0.036037
[Epoch 624/800] Loss: 0.2056  LR: 0.035650
[Epoch 625/800] Loss: 0.2065  LR: 0.035265
[Epoch 626/800] Loss: 0.2073  LR: 0.034881
[Epoch 627/800] Loss: 0.2064  LR: 0.034500
[Epoch 628/800] Loss: 0.2068  LR: 0.034120
[Epoch 629/800] Loss: 0.2016  LR: 0.033742
[Epoch 630/800] Loss: 0.2038  LR: 0.033366
Saved checkpoint: /mnt/c/Users/User/PycharmProjects/representation-learning-label-efficienc/checkpoints/simclr_pretrain_resnet18_pt/simclr_epoch_630.pth
[Epoch 631/800] Loss: 0.2013  LR: 0.032992
[Epoch 632/800] Loss: 0.1990  LR: 0.032620
[Epoch 633/800] Loss: 0.1979  LR: 0.032250
[Epoch 634/800] Loss: 0.2006  LR: 0.031881
[Epoch 635/800] Loss: 0.1963  LR: 0.031514
[Epoch 636/800] Loss: 0.1956  LR: 0.031149
[Epoch 637/800] Loss: 0.1945  LR: 0.030786
[Epoch 638/800] Loss: 0.1981  LR: 0.030425
[Epoch 639/800] Loss: 0.1941  LR: 0.030066
[Epoch 640/800] Loss: 0.1927  LR: 0.029709
Saved checkpoint: /mnt/c/Users/User/PycharmProjects/representation-learning-label-efficienc/checkpoints/simclr_pretrain_resnet18_pt/simclr_epoch_640.pth
[Epoch 641/800] Loss: 0.1892  LR: 0.029353
[Epoch 642/800] Loss: 0.1900  LR: 0.029000
[Epoch 643/800] Loss: 0.1909  LR: 0.028648
[Epoch 644/800] Loss: 0.1885  LR: 0.028299
[Epoch 645/800] Loss: 0.1901  LR: 0.027951
[Epoch 646/800] Loss: 0.1868  LR: 0.027605
[Epoch 647/800] Loss: 0.1865  LR: 0.027261
[Epoch 648/800] Loss: 0.1874  LR: 0.026919
[Epoch 649/800] Loss: 0.1811  LR: 0.026579
[Epoch 650/800] Loss: 0.1813  LR: 0.026241
Saved checkpoint: /mnt/c/Users/User/PycharmProjects/representation-learning-label-efficienc/checkpoints/simclr_pretrain_resnet18_pt/simclr_epoch_650.pth
[Epoch 651/800] Loss: 0.1842  LR: 0.025905
[Epoch 652/800] Loss: 0.1819  LR: 0.025571
[Epoch 653/800] Loss: 0.1831  LR: 0.025239
[Epoch 654/800] Loss: 0.1824  LR: 0.024909
[Epoch 655/800] Loss: 0.1817  LR: 0.024581
[Epoch 656/800] Loss: 0.1810  LR: 0.024255
[Epoch 657/800] Loss: 0.1784  LR: 0.023930
[Epoch 658/800] Loss: 0.1753  LR: 0.023608
[Epoch 659/800] Loss: 0.1729  LR: 0.023288
[Epoch 660/800] Loss: 0.1776  LR: 0.022970
Saved checkpoint: /mnt/c/Users/User/PycharmProjects/representation-learning-label-efficienc/checkpoints/simclr_pretrain_resnet18_pt/simclr_epoch_660.pth
[Epoch 661/800] Loss: 0.1722  LR: 0.022653
[Epoch 662/800] Loss: 0.1745  LR: 0.022339
[Epoch 663/800] Loss: 0.1741  LR: 0.022027
[Epoch 664/800] Loss: 0.1709  LR: 0.021717
[Epoch 665/800] Loss: 0.1753  LR: 0.021409
[Epoch 666/800] Loss: 0.1763  LR: 0.021103
[Epoch 667/800] Loss: 0.1680  LR: 0.020799
[Epoch 668/800] Loss: 0.1677  LR: 0.020497
[Epoch 669/800] Loss: 0.1672  LR: 0.020197
[Epoch 670/800] Loss: 0.1681  LR: 0.019899
Saved checkpoint: /mnt/c/Users/User/PycharmProjects/representation-learning-label-efficienc/checkpoints/simclr_pretrain_resnet18_pt/simclr_epoch_670.pth
[Epoch 671/800] Loss: 0.1626  LR: 0.019603
[Epoch 672/800] Loss: 0.1644  LR: 0.019309
[Epoch 673/800] Loss: 0.1631  LR: 0.019017
[Epoch 674/800] Loss: 0.1640  LR: 0.018728
[Epoch 675/800] Loss: 0.1624  LR: 0.018440
[Epoch 676/800] Loss: 0.1603  LR: 0.018155
[Epoch 677/800] Loss: 0.1621  LR: 0.017871
[Epoch 678/800] Loss: 0.1602  LR: 0.017590
[Epoch 679/800] Loss: 0.1583  LR: 0.017311
[Epoch 680/800] Loss: 0.1609  LR: 0.017034
Saved checkpoint: /mnt/c/Users/User/PycharmProjects/representation-learning-label-efficienc/checkpoints/simclr_pretrain_resnet18_pt/simclr_epoch_680.pth
[Epoch 681/800] Loss: 0.1593  LR: 0.016759
[Epoch 682/800] Loss: 0.1558  LR: 0.016486
[Epoch 683/800] Loss: 0.1563  LR: 0.016215
[Epoch 684/800] Loss: 0.1552  LR: 0.015946
[Epoch 685/800] Loss: 0.1582  LR: 0.015680
[Epoch 686/800] Loss: 0.1518  LR: 0.015415
[Epoch 687/800] Loss: 0.1512  LR: 0.015153
[Epoch 688/800] Loss: 0.1542  LR: 0.014893
[Epoch 689/800] Loss: 0.1483  LR: 0.014635
[Epoch 690/800] Loss: 0.1512  LR: 0.014379
Saved checkpoint: /mnt/c/Users/User/PycharmProjects/representation-learning-label-efficienc/checkpoints/simclr_pretrain_resnet18_pt/simclr_epoch_690.pth
[Epoch 691/800] Loss: 0.1494  LR: 0.014125
[Epoch 692/800] Loss: 0.1456  LR: 0.013873
[Epoch 693/800] Loss: 0.1469  LR: 0.013624
[Epoch 694/800] Loss: 0.1473  LR: 0.013377
[Epoch 695/800] Loss: 0.1466  LR: 0.013131
[Epoch 696/800] Loss: 0.1442  LR: 0.012888
[Epoch 697/800] Loss: 0.1447  LR: 0.012648
[Epoch 698/800] Loss: 0.1403  LR: 0.012409
[Epoch 699/800] Loss: 0.1415  LR: 0.012172
[Epoch 700/800] Loss: 0.1394  LR: 0.011938
Saved checkpoint: /mnt/c/Users/User/PycharmProjects/representation-learning-label-efficienc/checkpoints/simclr_pretrain_resnet18_pt/simclr_epoch_700.pth
[Epoch 701/800] Loss: 0.1377  LR: 0.011706
[Epoch 702/800] Loss: 0.1394  LR: 0.011476
[Epoch 703/800] Loss: 0.1381  LR: 0.011248
[Epoch 704/800] Loss: 0.1380  LR: 0.011023
[Epoch 705/800] Loss: 0.1384  LR: 0.010800
[Epoch 706/800] Loss: 0.1358  LR: 0.010578
[Epoch 707/800] Loss: 0.1335  LR: 0.010360
[Epoch 708/800] Loss: 0.1351  LR: 0.010143
[Epoch 709/800] Loss: 0.1344  LR: 0.009928
[Epoch 710/800] Loss: 0.1339  LR: 0.009716
Saved checkpoint: /mnt/c/Users/User/PycharmProjects/representation-learning-label-efficienc/checkpoints/simclr_pretrain_resnet18_pt/simclr_epoch_710.pth
[Epoch 711/800] Loss: 0.1307  LR: 0.009506
[Epoch 712/800] Loss: 0.1309  LR: 0.009298
[Epoch 713/800] Loss: 0.1304  LR: 0.009092
[Epoch 714/800] Loss: 0.1302  LR: 0.008889
[Epoch 715/800] Loss: 0.1267  LR: 0.008688
[Epoch 716/800] Loss: 0.1286  LR: 0.008489
[Epoch 717/800] Loss: 0.1251  LR: 0.008292
[Epoch 718/800] Loss: 0.1275  LR: 0.008098
[Epoch 719/800] Loss: 0.1255  LR: 0.007906
[Epoch 720/800] Loss: 0.1256  LR: 0.007716
Saved checkpoint: /mnt/c/Users/User/PycharmProjects/representation-learning-label-efficienc/checkpoints/simclr_pretrain_resnet18_pt/simclr_epoch_720.pth
[Epoch 721/800] Loss: 0.1254  LR: 0.007528
[Epoch 722/800] Loss: 0.1228  LR: 0.007342
[Epoch 723/800] Loss: 0.1231  LR: 0.007159
[Epoch 724/800] Loss: 0.1236  LR: 0.006978
[Epoch 725/800] Loss: 0.1230  LR: 0.006800
[Epoch 726/800] Loss: 0.1191  LR: 0.006623
[Epoch 727/800] Loss: 0.1194  LR: 0.006449
[Epoch 728/800] Loss: 0.1196  LR: 0.006277
[Epoch 729/800] Loss: 0.1190  LR: 0.006108
[Epoch 730/800] Loss: 0.1199  LR: 0.005940
Saved checkpoint: /mnt/c/Users/User/PycharmProjects/representation-learning-label-efficienc/checkpoints/simclr_pretrain_resnet18_pt/simclr_epoch_730.pth
[Epoch 731/800] Loss: 0.1171  LR: 0.005775
[Epoch 732/800] Loss: 0.1166  LR: 0.005612
[Epoch 733/800] Loss: 0.1165  LR: 0.005452
[Epoch 734/800] Loss: 0.1152  LR: 0.005294
[Epoch 735/800] Loss: 0.1158  LR: 0.005138
[Epoch 736/800] Loss: 0.1120  LR: 0.004984
[Epoch 737/800] Loss: 0.1155  LR: 0.004833
[Epoch 738/800] Loss: 0.1127  LR: 0.004684
[Epoch 739/800] Loss: 0.1132  LR: 0.004537
[Epoch 740/800] Loss: 0.1102  LR: 0.004393
Saved checkpoint: /mnt/c/Users/User/PycharmProjects/representation-learning-label-efficienc/checkpoints/simclr_pretrain_resnet18_pt/simclr_epoch_740.pth
[Epoch 741/800] Loss: 0.1110  LR: 0.004251
[Epoch 742/800] Loss: 0.1105  LR: 0.004111
[Epoch 743/800] Loss: 0.1107  LR: 0.003973
[Epoch 744/800] Loss: 0.1102  LR: 0.003838
[Epoch 745/800] Loss: 0.1099  LR: 0.003705
[Epoch 746/800] Loss: 0.1074  LR: 0.003575
[Epoch 747/800] Loss: 0.1069  LR: 0.003446
[Epoch 748/800] Loss: 0.1061  LR: 0.003320
[Epoch 749/800] Loss: 0.1078  LR: 0.003197
[Epoch 750/800] Loss: 0.1048  LR: 0.003075
Saved checkpoint: /mnt/c/Users/User/PycharmProjects/representation-learning-label-efficienc/checkpoints/simclr_pretrain_resnet18_pt/simclr_epoch_750.pth
[Epoch 751/800] Loss: 0.1043  LR: 0.002956
[Epoch 752/800] Loss: 0.1051  LR: 0.002840
[Epoch 753/800] Loss: 0.1060  LR: 0.002725
[Epoch 754/800] Loss: 0.1033  LR: 0.002613
[Epoch 755/800] Loss: 0.1059  LR: 0.002504
[Epoch 756/800] Loss: 0.1027  LR: 0.002396
[Epoch 757/800] Loss: 0.1050  LR: 0.002291
[Epoch 758/800] Loss: 0.1036  LR: 0.002189
[Epoch 759/800] Loss: 0.1038  LR: 0.002088
[Epoch 760/800] Loss: 0.1013  LR: 0.001990
Saved checkpoint: /mnt/c/Users/User/PycharmProjects/representation-learning-label-efficienc/checkpoints/simclr_pretrain_resnet18_pt/simclr_epoch_760.pth
[Epoch 761/800] Loss: 0.1036  LR: 0.001895
[Epoch 762/800] Loss: 0.1004  LR: 0.001801
[Epoch 763/800] Loss: 0.1027  LR: 0.001710
[Epoch 764/800] Loss: 0.1000  LR: 0.001622
[Epoch 765/800] Loss: 0.1006  LR: 0.001536
[Epoch 766/800] Loss: 0.1011  LR: 0.001452
[Epoch 767/800] Loss: 0.0988  LR: 0.001370
[Epoch 768/800] Loss: 0.0988  LR: 0.001291
[Epoch 769/800] Loss: 0.0980  LR: 0.001214
[Epoch 770/800] Loss: 0.1001  LR: 0.001139
Saved checkpoint: /mnt/c/Users/User/PycharmProjects/representation-learning-label-efficienc/checkpoints/simclr_pretrain_resnet18_pt/simclr_epoch_770.pth
[Epoch 771/800] Loss: 0.0981  LR: 0.001067
[Epoch 772/800] Loss: 0.1001  LR: 0.000997
[Epoch 773/800] Loss: 0.0981  LR: 0.000930
[Epoch 774/800] Loss: 0.0987  LR: 0.000865
[Epoch 775/800] Loss: 0.0970  LR: 0.000802
[Epoch 776/800] Loss: 0.0965  LR: 0.000742
[Epoch 777/800] Loss: 0.0961  LR: 0.000684
[Epoch 778/800] Loss: 0.0963  LR: 0.000628
[Epoch 779/800] Loss: 0.0968  LR: 0.000575
[Epoch 780/800] Loss: 0.0956  LR: 0.000524
Saved checkpoint: /mnt/c/Users/User/PycharmProjects/representation-learning-label-efficienc/checkpoints/simclr_pretrain_resnet18_pt/simclr_epoch_780.pth
[Epoch 781/800] Loss: 0.0953  LR: 0.000475
[Epoch 782/800] Loss: 0.0947  LR: 0.000429
[Epoch 783/800] Loss: 0.0967  LR: 0.000385
[Epoch 784/800] Loss: 0.0963  LR: 0.000344
[Epoch 785/800] Loss: 0.0956  LR: 0.000305
[Epoch 786/800] Loss: 0.0965  LR: 0.000268
[Epoch 787/800] Loss: 0.0946  LR: 0.000233
[Epoch 788/800] Loss: 0.0956  LR: 0.000201
[Epoch 789/800] Loss: 0.0939  LR: 0.000172
[Epoch 790/800] Loss: 0.0954  LR: 0.000144
Saved checkpoint: /mnt/c/Users/User/PycharmProjects/representation-learning-label-efficienc/checkpoints/simclr_pretrain_resnet18_pt/simclr_epoch_790.pth
[Epoch 791/800] Loss: 0.0946  LR: 0.000120
[Epoch 792/800] Loss: 0.0937  LR: 0.000097
[Epoch 793/800] Loss: 0.0958  LR: 0.000077
[Epoch 794/800] Loss: 0.0950  LR: 0.000059
[Epoch 795/800] Loss: 0.0942  LR: 0.000044
[Epoch 796/800] Loss: 0.0959  LR: 0.000031
[Epoch 797/800] Loss: 0.0933  LR: 0.000020
[Epoch 798/800] Loss: 0.0940  LR: 0.000012
[Epoch 799/800] Loss: 0.0925  LR: 0.000006
[Epoch 800/800] Loss: 0.0927  LR: 0.000002
Saved checkpoint: /mnt/c/Users/User/PycharmProjects/representation-learning-label-efficienc/checkpoints/simclr_pretrain_resnet18_pt/simclr_epoch_800.pth
